<?xml version="1.0" encoding="UTF-8"?>
<!-- Generated by org.testng.reporters.JUnitReportReporter -->
<testsuite hostname="beaker" name="org.herb.dbtesting.FooTest" tests="1" failures="0" timestamp="18 Mar 2015 13:09:35 GMT" time="0.015" errors="0">
  <testcase name="greet" time="0.015" classname="org.herb.dbtesting.FooTest"/>
</testsuite> <!-- org.herb.dbtesting.FooTest -->
